<?xml version="1.0" encoding="UTF-8"?>
<!-- Generated by org.testng.reporters.JUnitXMLReporter -->
<testsuite ignored="0" hostname="DESKTOP-SRVBUEA" failures="0" tests="4" name="chrome" time="0.182" errors="0" timestamp="2022-07-09T19:49:53 IST">
  <testcase classname="testPack.Demo" name="test1" time="0.012"/>
  <testcase classname="testPack.Demo" name="test2" time="0.004"/>
  <testcase classname="testPack.Demo2" name="test1" time="0.015"/>
  <testcase classname="testPack.Demo2" name="test2" time="0.007"/>
</testsuite> <!-- chrome -->
