<?xml version="1.0" encoding="UTF-8"?>
<!-- Generated by org.testng.reporters.JUnitXMLReporter -->
<testsuite ignored="0" hostname="DESKTOP-SRVBUEA" failures="0" tests="4" name="ff" time="0.039" errors="0" timestamp="2022-07-08T15:28:36 IST">
  <testcase classname="testPack.Demo" name="test1" time="0.002"/>
  <testcase classname="testPack.Demo" name="test2" time="0.003"/>
  <testcase classname="testPack.Demo2" name="test1" time="0.002"/>
  <testcase classname="testPack.Demo2" name="test2" time="0.003"/>
</testsuite> <!-- ff -->
