<?xml version="1.0" encoding="UTF-8"?>
<testng-results ignored="0" total="4" passed="4" failed="0" skipped="0">
  <reporter-output>
  </reporter-output>
  <suite started-at="2022-07-09T19:49:53 IST" name="feb26" finished-at="2022-07-09T19:49:53 IST" duration-ms="182">
    <groups>
    </groups>
    <test started-at="2022-07-09T19:49:53 IST" name="chrome" finished-at="2022-07-09T19:49:53 IST" duration-ms="182">
      <class name="testPack.Demo2">
        <test-method is-config="true" signature="beforeuite()[pri:0, instance:testPack.Demo2@1613674b]" started-at="2022-07-09T19:49:53 IST" name="beforeuite" finished-at="2022-07-09T19:49:53 IST" duration-ms="13" status="PASS">
          <reporter-output>
          </reporter-output>
        </test-method> <!-- beforeuite -->
        <test-method is-config="true" signature="beforeTest()[pri:0, instance:testPack.Demo2@1613674b]" started-at="2022-07-09T19:49:53 IST" name="beforeTest" finished-at="2022-07-09T19:49:53 IST" duration-ms="1" status="PASS">
          <reporter-output>
          </reporter-output>
        </test-method> <!-- beforeTest -->
        <test-method is-config="true" signature="beforeClass()[pri:0, instance:testPack.Demo2@1613674b]" started-at="2022-07-09T19:49:53 IST" name="beforeClass" finished-at="2022-07-09T19:49:53 IST" duration-ms="2" status="PASS">
          <reporter-output>
          </reporter-output>
        </test-method> <!-- beforeClass -->
        <test-method is-config="true" signature="beforeMethod()[pri:0, instance:testPack.Demo2@1613674b]" started-at="2022-07-09T19:49:53 IST" name="beforeMethod" finished-at="2022-07-09T19:49:53 IST" duration-ms="2" status="PASS">
          <reporter-output>
          </reporter-output>
        </test-method> <!-- beforeMethod -->
        <test-method signature="test1()[pri:0, instance:testPack.Demo2@1613674b]" started-at="2022-07-09T19:49:53 IST" name="test1" finished-at="2022-07-09T19:49:53 IST" duration-ms="15" status="PASS">
          <reporter-output>
          </reporter-output>
        </test-method> <!-- test1 -->
        <test-method is-config="true" signature="afterMethod()[pri:0, instance:testPack.Demo2@1613674b]" started-at="2022-07-09T19:49:53 IST" name="afterMethod" finished-at="2022-07-09T19:49:53 IST" duration-ms="4" status="PASS">
          <reporter-output>
          </reporter-output>
        </test-method> <!-- afterMethod -->
        <test-method is-config="true" signature="beforeMethod()[pri:0, instance:testPack.Demo2@1613674b]" started-at="2022-07-09T19:49:53 IST" name="beforeMethod" finished-at="2022-07-09T19:49:53 IST" duration-ms="3" status="PASS">
          <reporter-output>
          </reporter-output>
        </test-method> <!-- beforeMethod -->
        <test-method signature="test2()[pri:0, instance:testPack.Demo2@1613674b]" started-at="2022-07-09T19:49:53 IST" name="test2" finished-at="2022-07-09T19:49:53 IST" duration-ms="7" status="PASS">
          <reporter-output>
          </reporter-output>
        </test-method> <!-- test2 -->
        <test-method is-config="true" signature="afterMethod()[pri:0, instance:testPack.Demo2@1613674b]" started-at="2022-07-09T19:49:53 IST" name="afterMethod" finished-at="2022-07-09T19:49:53 IST" duration-ms="14" status="PASS">
          <reporter-output>
          </reporter-output>
        </test-method> <!-- afterMethod -->
        <test-method is-config="true" signature="afterClass()[pri:0, instance:testPack.Demo2@1613674b]" started-at="2022-07-09T19:49:53 IST" name="afterClass" finished-at="2022-07-09T19:49:53 IST" duration-ms="2" status="PASS">
          <reporter-output>
          </reporter-output>
        </test-method> <!-- afterClass -->
        <test-method is-config="true" signature="afterTest()[pri:0, instance:testPack.Demo2@1613674b]" started-at="2022-07-09T19:49:53 IST" name="afterTest" finished-at="2022-07-09T19:49:53 IST" duration-ms="0" status="PASS">
          <reporter-output>
          </reporter-output>
        </test-method> <!-- afterTest -->
        <test-method is-config="true" signature="afterSuite()[pri:0, instance:testPack.Demo2@1613674b]" started-at="2022-07-09T19:49:53 IST" name="afterSuite" finished-at="2022-07-09T19:49:53 IST" duration-ms="2" status="PASS">
          <reporter-output>
          </reporter-output>
        </test-method> <!-- afterSuite -->
      </class> <!-- testPack.Demo2 -->
      <class name="testPack.Demo">
        <test-method is-config="true" signature="beforeClass()[pri:0, instance:testPack.Demo@29e495ff]" started-at="2022-07-09T19:49:53 IST" name="beforeClass" finished-at="2022-07-09T19:49:53 IST" duration-ms="1" status="PASS">
          <reporter-output>
          </reporter-output>
        </test-method> <!-- beforeClass -->
        <test-method is-config="true" signature="beforeMethod()[pri:0, instance:testPack.Demo@29e495ff]" started-at="2022-07-09T19:49:53 IST" name="beforeMethod" finished-at="2022-07-09T19:49:53 IST" duration-ms="1" status="PASS">
          <reporter-output>
          </reporter-output>
        </test-method> <!-- beforeMethod -->
        <test-method signature="test1()[pri:0, instance:testPack.Demo@29e495ff]" started-at="2022-07-09T19:49:53 IST" name="test1" finished-at="2022-07-09T19:49:53 IST" duration-ms="12" status="PASS">
          <reporter-output>
          </reporter-output>
        </test-method> <!-- test1 -->
        <test-method is-config="true" signature="afterMethod()[pri:0, instance:testPack.Demo@29e495ff]" started-at="2022-07-09T19:49:53 IST" name="afterMethod" finished-at="2022-07-09T19:49:53 IST" duration-ms="2" status="PASS">
          <reporter-output>
          </reporter-output>
        </test-method> <!-- afterMethod -->
        <test-method is-config="true" signature="beforeMethod()[pri:0, instance:testPack.Demo@29e495ff]" started-at="2022-07-09T19:49:53 IST" name="beforeMethod" finished-at="2022-07-09T19:49:53 IST" duration-ms="1" status="PASS">
          <reporter-output>
          </reporter-output>
        </test-method> <!-- beforeMethod -->
        <test-method signature="test2()[pri:0, instance:testPack.Demo@29e495ff]" started-at="2022-07-09T19:49:53 IST" name="test2" finished-at="2022-07-09T19:49:53 IST" duration-ms="4" status="PASS">
          <reporter-output>
          </reporter-output>
        </test-method> <!-- test2 -->
        <test-method is-config="true" signature="afterMethod()[pri:0, instance:testPack.Demo@29e495ff]" started-at="2022-07-09T19:49:53 IST" name="afterMethod" finished-at="2022-07-09T19:49:53 IST" duration-ms="1" status="PASS">
          <reporter-output>
          </reporter-output>
        </test-method> <!-- afterMethod -->
        <test-method is-config="true" signature="afterClass()[pri:0, instance:testPack.Demo@29e495ff]" started-at="2022-07-09T19:49:53 IST" name="afterClass" finished-at="2022-07-09T19:49:53 IST" duration-ms="1" status="PASS">
          <reporter-output>
          </reporter-output>
        </test-method> <!-- afterClass -->
      </class> <!-- testPack.Demo -->
    </test> <!-- chrome -->
  </suite> <!-- feb26 -->
</testng-results>
